<?xml version="1.0" encoding="UTF-8"?>
<!-- Generated by org.testng.reporters.JUnitReportReporter -->
<testsuite hostname="DESKTOP-D1ULCAD" failures="0" tests="1" name="com.web.selenium.PrivacySettings" time="16.290" errors="0" timestamp="2023-11-18T13:31:44 IST" skipped="0">
  <testcase classname="com.web.selenium.PrivacySettings" name="clickOptIn" time="16.290"/>
</testsuite> <!-- com.web.selenium.PrivacySettings -->
