<?xml version="1.0" encoding="UTF-8"?>
<!-- Generated by org.testng.reporters.JUnitReportReporter -->
<testsuite hostname="DESKTOP-D1ULCAD" failures="0" tests="2" name="com.web.selenium.PrivacySettings" time="3.478" errors="0" timestamp="2023-11-20T23:02:39 IST" skipped="1">
  <testcase classname="com.web.selenium.PrivacySettings" name="clickOptIn" time="3.478"/>
  <testcase classname="com.web.selenium.PrivacySettings" name="clickOptOut">
    <skipped/>
  </testcase> <!-- clickOptOut -->
</testsuite> <!-- com.web.selenium.PrivacySettings -->
