<?xml version="1.0" encoding="UTF-8"?>
<!-- Generated by org.testng.reporters.JUnitReportReporter -->
<testsuite hostname="DESKTOP-D1ULCAD" failures="0" tests="2" name="com.web.selenium.PrivacySettings" time="14.793" errors="0" timestamp="2023-11-18T23:54:22 IST" skipped="0">
  <testcase classname="com.web.selenium.PrivacySettings" name="clickOptOut" time="1.467"/>
  <testcase classname="com.web.selenium.PrivacySettings" name="clickOptIn" time="13.326"/>
</testsuite> <!-- com.web.selenium.PrivacySettings -->
